Determining if the pthread_create exist failed with the following output:
Change Dir: /home/sebastian/catkin_ws/build/CMakeFiles/CMakeTmp

Run Build Command:/usr/bin/make "cmTryCompileExec878038041/fast"
/usr/bin/make -f CMakeFiles/cmTryCompileExec878038041.dir/build.make CMakeFiles/cmTryCompileExec878038041.dir/build
make[1]: Entering directory `/home/sebastian/catkin_ws/build/CMakeFiles/CMakeTmp'
/usr/bin/cmake -E cmake_progress_report /home/sebastian/catkin_ws/build/CMakeFiles/CMakeTmp/CMakeFiles 1
Building C object CMakeFiles/cmTryCompileExec878038041.dir/CheckSymbolExists.c.o
/usr/bin/cc    -o CMakeFiles/cmTryCompileExec878038041.dir/CheckSymbolExists.c.o   -c /home/sebastian/catkin_ws/build/CMakeFiles/CMakeTmp/CheckSymbolExists.c
Linking C executable cmTryCompileExec878038041
/usr/bin/cmake -E cmake_link_script CMakeFiles/cmTryCompileExec878038041.dir/link.txt --verbose=1
/usr/bin/cc       CMakeFiles/cmTryCompileExec878038041.dir/CheckSymbolExists.c.o  -o cmTryCompileExec878038041 -rdynamic 
CMakeFiles/cmTryCompileExec878038041.dir/CheckSymbolExists.c.o: In function `main':
CheckSymbolExists.c:(.text+0x16): undefined reference to `pthread_create'
collect2: error: ld returned 1 exit status
make[1]: *** [cmTryCompileExec878038041] Error 1
make[1]: Leaving directory `/home/sebastian/catkin_ws/build/CMakeFiles/CMakeTmp'
make: *** [cmTryCompileExec878038041/fast] Error 2

File /home/sebastian/catkin_ws/build/CMakeFiles/CMakeTmp/CheckSymbolExists.c:
/* */
#include <pthread.h>

int main(int argc, char** argv)
{
  (void)argv;
#ifndef pthread_create
  return ((int*)(&pthread_create))[argc];
#else
  (void)argc;
  return 0;
#endif
}

Determining if the function pthread_create exists in the pthreads failed with the following output:
Change Dir: /home/sebastian/catkin_ws/build/CMakeFiles/CMakeTmp

Run Build Command:/usr/bin/make "cmTryCompileExec3307642851/fast"
/usr/bin/make -f CMakeFiles/cmTryCompileExec3307642851.dir/build.make CMakeFiles/cmTryCompileExec3307642851.dir/build
make[1]: Entering directory `/home/sebastian/catkin_ws/build/CMakeFiles/CMakeTmp'
/usr/bin/cmake -E cmake_progress_report /home/sebastian/catkin_ws/build/CMakeFiles/CMakeTmp/CMakeFiles 1
Building C object CMakeFiles/cmTryCompileExec3307642851.dir/CheckFunctionExists.c.o
/usr/bin/cc   -DCHECK_FUNCTION_EXISTS=pthread_create   -o CMakeFiles/cmTryCompileExec3307642851.dir/CheckFunctionExists.c.o   -c /usr/share/cmake-2.8/Modules/CheckFunctionExists.c
Linking C executable cmTryCompileExec3307642851
/usr/bin/cmake -E cmake_link_script CMakeFiles/cmTryCompileExec3307642851.dir/link.txt --verbose=1
/usr/bin/cc   -DCHECK_FUNCTION_EXISTS=pthread_create    CMakeFiles/cmTryCompileExec3307642851.dir/CheckFunctionExists.c.o  -o cmTryCompileExec3307642851 -rdynamic -lpthreads 
/usr/bin/ld: cannot find -lpthreads
collect2: error: ld returned 1 exit status
make[1]: Leaving directory `/home/sebastian/catkin_ws/build/CMakeFiles/CMakeTmp'
make[1]: *** [cmTryCompileExec3307642851] Error 1
make: *** [cmTryCompileExec3307642851/fast] Error 2


